<?xml version="1.0" encoding="UTF-8"?>
<coverage generated="1657235856911" clover="3.2.0">
  <project timestamp="1657235856912" name="All files">
    <metrics statements="13" coveredstatements="13" conditionals="7" coveredconditionals="6" methods="3" coveredmethods="3" elements="23" coveredelements="22" complexity="0" loc="13" ncloc="13" packages="1" files="1" classes="1"/>
    <file name="calculadora.js" path="/Users/luiz.junior/Documents/Workspace/Awari/Aula8.2/JEST/unit-tests/calculadora.js">
      <metrics statements="13" coveredstatements="13" conditionals="7" coveredconditionals="6" methods="3" coveredmethods="3"/>
      <line num="1" count="1" type="cond" truecount="1" falsecount="0"/>
      <line num="2" count="1" type="cond" truecount="0" falsecount="1"/>
      <line num="3" count="1" type="stmt"/>
      <line num="4" count="1" type="stmt"/>
      <line num="5" count="1" type="stmt"/>
      <line num="6" count="1" type="cond" truecount="1" falsecount="0"/>
      <line num="7" count="3" type="cond" truecount="3" falsecount="0"/>
      <line num="8" count="3" type="stmt"/>
      <line num="9" count="3" type="stmt"/>
      <line num="10" count="1" type="stmt"/>
      <line num="11" count="1" type="cond" truecount="1" falsecount="0"/>
      <line num="12" count="1" type="stmt"/>
      <line num="13" count="1" type="stmt"/>
    </file>
  </project>
</coverage>
